[1310月2025 00:00:10.349] [Server thread/WARN] [net.minecraft.server.MinecraftServer/]: Can't keep up! Is the server overloaded? Running 2518ms or 50 ticks behind
[1310月2025 00:00:28.646] [Server thread/WARN] [net.minecraft.server.MinecraftServer/]: Can't keep up! Is the server overloaded? Running 3314ms or 66 ticks behind
[1310月2025 00:00:46.342] [Server thread/WARN] [net.minecraft.server.MinecraftServer/]: Can't keep up! Is the server overloaded? Running 2710ms or 54 ticks behind
[1310月2025 00:01:04.341] [Server thread/WARN] [net.minecraft.server.MinecraftServer/]: Can't keep up! Is the server overloaded? Running 3009ms or 60 ticks behind
[1310月2025 00:01:22.113] [Server thread/WARN] [net.minecraft.server.MinecraftServer/]: Can't keep up! Is the server overloaded? Running 2781ms or 55 ticks behind
[1310月2025 00:01:39.975] [Server thread/WARN] [net.minecraft.server.MinecraftServer/]: Can't keep up! Is the server overloaded? Running 2893ms or 57 ticks behind
[1310月2025 00:01:57.671] [Server thread/WARN] [net.minecraft.server.MinecraftServer/]: Can't keep up! Is the server overloaded? Running 2739ms or 54 ticks behind
[1310月2025 00:02:15.303] [Server thread/WARN] [net.minecraft.server.MinecraftServer/]: Can't keep up! Is the server overloaded? Running 2672ms or 53 ticks behind
[1310月2025 00:02:33.026] [Server thread/WARN] [net.minecraft.server.MinecraftServer/]: Can't keep up! Is the server overloaded? Running 2745ms or 54 ticks behind
[1310月2025 00:02:50.666] [Server thread/WARN] [net.minecraft.server.MinecraftServer/]: Can't keep up! Is the server overloaded? Running 2684ms or 53 ticks behind
[1310月2025 00:03:08.320] [Server thread/WARN] [net.minecraft.server.MinecraftServer/]: Can't keep up! Is the server overloaded? Running 2688ms or 53 ticks behind
[1310月2025 00:03:25.610] [Server thread/WARN] [net.minecraft.server.MinecraftServer/]: Can't keep up! Is the server overloaded? Running 2328ms or 46 ticks behind
[1310月2025 00:03:43.629] [Server thread/WARN] [net.minecraft.server.MinecraftServer/]: Can't keep up! Is the server overloaded? Running 3048ms or 60 ticks behind
[1310月2025 00:04:01.326] [Server thread/WARN] [net.minecraft.server.MinecraftServer/]: Can't keep up! Is the server overloaded? Running 2744ms or 54 ticks behind
[1310月2025 00:04:18.626] [Server thread/WARN] [net.minecraft.server.MinecraftServer/]: Can't keep up! Is the server overloaded? Running 2344ms or 46 ticks behind
[1310月2025 00:04:36.409] [Server thread/WARN] [net.minecraft.server.MinecraftServer/]: Can't keep up! Is the server overloaded? Running 2827ms or 56 ticks behind
[1310月2025 00:04:53.774] [Server thread/WARN] [net.minecraft.server.MinecraftServer/]: Can't keep up! Is the server overloaded? Running 2393ms or 47 ticks behind
[1310月2025 00:05:11.534] [Server thread/WARN] [net.minecraft.server.MinecraftServer/]: Can't keep up! Is the server overloaded? Running 2802ms or 56 ticks behind
[1310月2025 00:05:29.500] [Server thread/WARN] [net.minecraft.server.MinecraftServer/]: Can't keep up! Is the server overloaded? Running 2968ms or 59 ticks behind
[1310月2025 00:05:47.244] [Server thread/WARN] [net.minecraft.server.MinecraftServer/]: Can't keep up! Is the server overloaded? Running 2761ms or 55 ticks behind
[1310月2025 00:06:04.570] [Server thread/WARN] [net.minecraft.server.MinecraftServer/]: Can't keep up! Is the server overloaded? Running 2338ms or 46 ticks behind
[1310月2025 00:06:21.559] [Server thread/WARN] [net.minecraft.server.MinecraftServer/]: Can't keep up! Is the server overloaded? Running 2027ms or 40 ticks behind
[1310月2025 00:06:38.976] [Server thread/WARN] [net.minecraft.server.MinecraftServer/]: Can't keep up! Is the server overloaded? Running 2445ms or 48 ticks behind
[1310月2025 00:06:56.488] [Server thread/WARN] [net.minecraft.server.MinecraftServer/]: Can't keep up! Is the server overloaded? Running 2556ms or 51 ticks behind
[1310月2025 00:07:14.019] [Server thread/WARN] [net.minecraft.server.MinecraftServer/]: Can't keep up! Is the server overloaded? Running 2537ms or 50 ticks behind
[1310月2025 00:07:31.220] [Server thread/WARN] [net.minecraft.server.MinecraftServer/]: Can't keep up! Is the server overloaded? Running 2238ms or 44 ticks behind
[1310月2025 00:07:49.210] [Server thread/WARN] [net.minecraft.server.MinecraftServer/]: Can't keep up! Is the server overloaded? Running 3028ms or 60 ticks behind
[1310月2025 00:08:06.739] [Server thread/WARN] [net.minecraft.server.MinecraftServer/]: Can't keep up! Is the server overloaded? Running 2558ms or 51 ticks behind
[1310月2025 00:08:24.088] [Server thread/WARN] [net.minecraft.server.MinecraftServer/]: Can't keep up! Is the server overloaded? Running 2356ms or 47 ticks behind
[1310月2025 00:08:42.124] [Server thread/WARN] [net.minecraft.server.MinecraftServer/]: Can't keep up! Is the server overloaded? Running 3042ms or 60 ticks behind
[1310月2025 00:08:59.580] [Server thread/WARN] [net.minecraft.server.MinecraftServer/]: Can't keep up! Is the server overloaded? Running 2498ms or 49 ticks behind
[1310月2025 00:09:17.460] [Server thread/WARN] [net.minecraft.server.MinecraftServer/]: Can't keep up! Is the server overloaded? Running 2928ms or 58 ticks behind
[1310月2025 00:09:35.390] [Server thread/WARN] [net.minecraft.server.MinecraftServer/]: Can't keep up! Is the server overloaded? Running 2958ms or 59 ticks behind
[1310月2025 00:09:52.684] [Server thread/WARN] [net.minecraft.server.MinecraftServer/]: Can't keep up! Is the server overloaded? Running 2302ms or 46 ticks behind
[1310月2025 00:10:10.300] [Server thread/WARN] [net.minecraft.server.MinecraftServer/]: Can't keep up! Is the server overloaded? Running 2618ms or 52 ticks behind
[1310月2025 00:10:28.016] [Server thread/WARN] [net.minecraft.server.MinecraftServer/]: Can't keep up! Is the server overloaded? Running 2734ms or 54 ticks behind
[1310月2025 00:10:45.782] [Server thread/WARN] [net.minecraft.server.MinecraftServer/]: Can't keep up! Is the server overloaded? Running 2800ms or 56 ticks behind
[1310月2025 00:11:03.447] [Server thread/WARN] [net.minecraft.server.MinecraftServer/]: Can't keep up! Is the server overloaded? Running 2665ms or 53 ticks behind
[1310月2025 00:11:21.552] [Server thread/WARN] [net.minecraft.server.MinecraftServer/]: Can't keep up! Is the server overloaded? Running 3120ms or 62 ticks behind
[1310月2025 00:11:39.147] [Server thread/WARN] [net.minecraft.server.MinecraftServer/]: Can't keep up! Is the server overloaded? Running 2615ms or 52 ticks behind
[1310月2025 00:11:56.529] [Server thread/WARN] [net.minecraft.server.MinecraftServer/]: Can't keep up! Is the server overloaded? Running 2397ms or 47 ticks behind
[1310月2025 00:12:13.994] [Server thread/WARN] [net.minecraft.server.MinecraftServer/]: Can't keep up! Is the server overloaded? Running 2512ms or 50 ticks behind
[1310月2025 00:12:31.574] [Server thread/WARN] [net.minecraft.server.MinecraftServer/]: Can't keep up! Is the server overloaded? Running 2592ms or 51 ticks behind
[1310月2025 00:12:49.428] [Server thread/WARN] [net.minecraft.server.MinecraftServer/]: Can't keep up! Is the server overloaded? Running 2897ms or 57 ticks behind
[1310月2025 00:13:06.710] [Server thread/WARN] [net.minecraft.server.MinecraftServer/]: Can't keep up! Is the server overloaded? Running 2328ms or 46 ticks behind
[1310月2025 00:13:24.285] [Server thread/WARN] [net.minecraft.server.MinecraftServer/]: Can't keep up! Is the server overloaded? Running 2603ms or 52 ticks behind
[1310月2025 00:13:41.609] [Server thread/WARN] [net.minecraft.server.MinecraftServer/]: Can't keep up! Is the server overloaded? Running 2327ms or 46 ticks behind
[1310月2025 00:13:58.751] [Server thread/WARN] [net.minecraft.server.MinecraftServer/]: Can't keep up! Is the server overloaded? Running 2169ms or 43 ticks behind
[1310月2025 00:14:16.182] [Server thread/WARN] [net.minecraft.server.MinecraftServer/]: Can't keep up! Is the server overloaded? Running 2450ms or 49 ticks behind
[1310月2025 00:14:33.265] [Server thread/WARN] [net.minecraft.server.MinecraftServer/]: Can't keep up! Is the server overloaded? Running 2083ms or 41 ticks behind
[1310月2025 00:14:50.613] [Server thread/WARN] [net.minecraft.server.MinecraftServer/]: Can't keep up! Is the server overloaded? Running 2381ms or 47 ticks behind
[1310月2025 00:15:07.587] [Server thread/WARN] [net.minecraft.server.MinecraftServer/]: Can't keep up! Is the server overloaded? Running 2005ms or 40 ticks behind
[1310月2025 00:15:25.567] [Server thread/WARN] [net.minecraft.server.MinecraftServer/]: Can't keep up! Is the server overloaded? Running 2985ms or 59 ticks behind
[1310月2025 00:15:42.867] [Server thread/WARN] [net.minecraft.server.MinecraftServer/]: Can't keep up! Is the server overloaded? Running 2334ms or 46 ticks behind
[1310月2025 00:15:59.836] [Server thread/WARN] [net.minecraft.server.MinecraftServer/]: Can't keep up! Is the server overloaded? Running 2004ms or 40 ticks behind
[1310月2025 00:16:16.979] [Server thread/WARN] [net.minecraft.server.MinecraftServer/]: Can't keep up! Is the server overloaded? Running 2148ms or 42 ticks behind
[1310月2025 00:16:34.486] [Server thread/WARN] [net.minecraft.server.MinecraftServer/]: Can't keep up! Is the server overloaded? Running 2004ms or 40 ticks behind
[1310月2025 00:16:52.397] [Server thread/WARN] [net.minecraft.server.MinecraftServer/]: Can't keep up! Is the server overloaded? Running 2915ms or 58 ticks behind
[1310月2025 00:17:09.532] [Server thread/WARN] [net.minecraft.server.MinecraftServer/]: Can't keep up! Is the server overloaded? Running 2150ms or 43 ticks behind
[1310月2025 00:17:26.882] [Server thread/WARN] [net.minecraft.server.MinecraftServer/]: Can't keep up! Is the server overloaded? Running 2350ms or 47 ticks behind
[1310月2025 00:17:44.161] [Server thread/WARN] [net.minecraft.server.MinecraftServer/]: Can't keep up! Is the server overloaded? Running 2279ms or 45 ticks behind
[1310月2025 00:18:01.247] [Server thread/WARN] [net.minecraft.server.MinecraftServer/]: Can't keep up! Is the server overloaded? Running 2115ms or 42 ticks behind
[1310月2025 00:18:19.223] [Server thread/WARN] [net.minecraft.server.MinecraftServer/]: Can't keep up! Is the server overloaded? Running 2992ms or 59 ticks behind
[1310月2025 00:18:36.471] [Server thread/WARN] [net.minecraft.server.MinecraftServer/]: Can't keep up! Is the server overloaded? Running 2290ms or 45 ticks behind
[1310月2025 00:18:53.985] [Server thread/WARN] [net.minecraft.server.MinecraftServer/]: Can't keep up! Is the server overloaded? Running 2554ms or 51 ticks behind
[1310月2025 00:19:11.169] [Server thread/WARN] [net.minecraft.server.MinecraftServer/]: Can't keep up! Is the server overloaded? Running 2187ms or 43 ticks behind
[1310月2025 00:19:28.570] [Server thread/WARN] [net.minecraft.server.MinecraftServer/]: Can't keep up! Is the server overloaded? Running 2438ms or 48 ticks behind
[1310月2025 00:19:45.867] [Server thread/WARN] [net.minecraft.server.MinecraftServer/]: Can't keep up! Is the server overloaded? Running 2335ms or 46 ticks behind
[1310月2025 00:20:02.887] [Server thread/WARN] [net.minecraft.server.MinecraftServer/]: Can't keep up! Is the server overloaded? Running 2005ms or 40 ticks behind
[1310月2025 00:20:20.379] [Server thread/WARN] [net.minecraft.server.MinecraftServer/]: Can't keep up! Is the server overloaded? Running 2496ms or 49 ticks behind
[1310月2025 00:20:38.483] [Server thread/WARN] [net.minecraft.server.MinecraftServer/]: Can't keep up! Is the server overloaded? Running 2001ms or 40 ticks behind
[1310月2025 00:20:56.155] [Server thread/WARN] [net.minecraft.server.MinecraftServer/]: Can't keep up! Is the server overloaded? Running 2673ms or 53 ticks behind
[1310月2025 00:21:14.018] [Server thread/WARN] [net.minecraft.server.MinecraftServer/]: Can't keep up! Is the server overloaded? Running 2887ms or 57 ticks behind
[1310月2025 00:21:31.221] [Server thread/WARN] [net.minecraft.server.MinecraftServer/]: Can't keep up! Is the server overloaded? Running 2239ms or 44 ticks behind
[1310月2025 00:21:48.360] [Server thread/WARN] [net.minecraft.server.MinecraftServer/]: Can't keep up! Is the server overloaded? Running 2179ms or 43 ticks behind
[1310月2025 00:22:06.989] [Server thread/WARN] [net.minecraft.server.MinecraftServer/]: Can't keep up! Is the server overloaded? Running 2007ms or 40 ticks behind
[1310月2025 00:22:24.031] [Server thread/WARN] [net.minecraft.server.MinecraftServer/]: Can't keep up! Is the server overloaded? Running 2049ms or 40 ticks behind
[1310月2025 00:22:41.984] [Server thread/WARN] [net.minecraft.server.MinecraftServer/]: Can't keep up! Is the server overloaded? Running 2002ms or 40 ticks behind
[1310月2025 00:22:59.055] [Server thread/WARN] [net.minecraft.server.MinecraftServer/]: Can't keep up! Is the server overloaded? Running 2073ms or 41 ticks behind
[1310月2025 00:23:16.837] [Server thread/WARN] [net.minecraft.server.MinecraftServer/]: Can't keep up! Is the server overloaded? Running 2005ms or 40 ticks behind
[1310月2025 00:23:33.884] [Server thread/WARN] [net.minecraft.server.MinecraftServer/]: Can't keep up! Is the server overloaded? Running 2002ms or 40 ticks behind
[1310月2025 00:23:50.934] [Server thread/WARN] [net.minecraft.server.MinecraftServer/]: Can't keep up! Is the server overloaded? Running 2002ms or 40 ticks behind
[1310月2025 00:24:13.248] [Server thread/WARN] [net.minecraft.server.MinecraftServer/]: Can't keep up! Is the server overloaded? Running 2016ms or 40 ticks behind
[1310月2025 00:24:31.233] [Server thread/WARN] [net.minecraft.server.MinecraftServer/]: Can't keep up! Is the server overloaded? Running 2001ms or 40 ticks behind
[1310月2025 00:24:48.535] [Server thread/WARN] [net.minecraft.server.MinecraftServer/]: Can't keep up! Is the server overloaded? Running 2303ms or 46 ticks behind
[1310月2025 00:25:05.811] [Server thread/WARN] [net.minecraft.server.MinecraftServer/]: Can't keep up! Is the server overloaded? Running 2280ms or 45 ticks behind
[1310月2025 00:25:23.178] [Server thread/WARN] [net.minecraft.server.MinecraftServer/]: Can't keep up! Is the server overloaded? Running 2397ms or 47 ticks behind
[1310月2025 00:25:40.377] [Server thread/WARN] [net.minecraft.server.MinecraftServer/]: Can't keep up! Is the server overloaded? Running 2245ms or 44 ticks behind
[1310月2025 00:25:57.574] [Server thread/WARN] [net.minecraft.server.MinecraftServer/]: Can't keep up! Is the server overloaded? Running 2242ms or 44 ticks behind
[1310月2025 00:26:15.670] [Server thread/WARN] [net.minecraft.server.MinecraftServer/]: Can't keep up! Is the server overloaded? Running 3138ms or 62 ticks behind
[1310月2025 00:26:33.281] [Server thread/WARN] [net.minecraft.server.MinecraftServer/]: Can't keep up! Is the server overloaded? Running 2650ms or 53 ticks behind
[1310月2025 00:26:50.750] [Server thread/WARN] [net.minecraft.server.MinecraftServer/]: Can't keep up! Is the server overloaded? Running 2468ms or 49 ticks behind
[1310月2025 00:27:08.114] [Server thread/WARN] [net.minecraft.server.MinecraftServer/]: Can't keep up! Is the server overloaded? Running 2382ms or 47 ticks behind
[1310月2025 00:27:25.351] [Server thread/WARN] [net.minecraft.server.MinecraftServer/]: Can't keep up! Is the server overloaded? Running 2269ms or 45 ticks behind
[1310月2025 00:27:42.679] [Server thread/WARN] [net.minecraft.server.MinecraftServer/]: Can't keep up! Is the server overloaded? Running 2347ms or 46 ticks behind
[1310月2025 00:27:59.825] [Server thread/WARN] [net.minecraft.server.MinecraftServer/]: Can't keep up! Is the server overloaded? Running 2194ms or 43 ticks behind
[1310月2025 00:28:17.996] [Server thread/WARN] [net.minecraft.server.MinecraftServer/]: Can't keep up! Is the server overloaded? Running 2014ms or 40 ticks behind
[1310月2025 00:28:35.147] [Server thread/WARN] [net.minecraft.server.MinecraftServer/]: Can't keep up! Is the server overloaded? Running 2165ms or 43 ticks behind
[1310月2025 00:28:52.408] [Server thread/WARN] [net.minecraft.server.MinecraftServer/]: Can't keep up! Is the server overloaded? Running 2275ms or 45 ticks behind
[1310月2025 00:29:09.576] [Server thread/WARN] [net.minecraft.server.MinecraftServer/]: Can't keep up! Is the server overloaded? Running 2195ms or 43 ticks behind
[1310月2025 00:29:26.901] [Server thread/INFO] [net.minecraft.server.network.ServerGamePacketListenerImpl/]: xijinping lost connection: Disconnected
[1310月2025 00:29:26.902] [Server thread/INFO] [net.minecraft.server.MinecraftServer/]: xijinping left the game
[1310月2025 00:29:27.728] [Server thread/WARN] [net.minecraft.server.MinecraftServer/]: Can't keep up! Is the server overloaded? Running 3196ms or 63 ticks behind
[1310月2025 00:30:39.534] [Server thread/INFO] [net.minecraft.server.MinecraftServer/]: A player is required to run this command here
[1310月2025 00:30:43.734] [Server thread/INFO] [net.minecraft.server.MinecraftServer/]: Stopping the server
[1310月2025 00:30:43.784] [Server thread/INFO] [net.minecraft.server.MinecraftServer/]: Stopping server
[1310月2025 00:30:43.786] [Server thread/INFO] [net.minecraft.server.MinecraftServer/]: Saving players
[1310月2025 00:30:43.786] [Server thread/INFO] [net.minecraft.server.MinecraftServer/]: Saving worlds
[1310月2025 00:30:43.831] [Server thread/INFO] [net.minecraft.server.MinecraftServer/]: Saving chunks for level 'ServerLevel[world]'/minecraft:overworld
[1310月2025 00:30:43.945] [Server thread/INFO] [net.minecraft.server.MinecraftServer/]: Saving chunks for level 'ServerLevel[world]'/minecraft:the_nether
[1310月2025 00:30:43.965] [Server thread/INFO] [net.minecraft.server.MinecraftServer/]: Saving chunks for level 'ServerLevel[world]'/minecraft:the_end
[1310月2025 00:30:43.986] [Server thread/INFO] [net.minecraft.server.MinecraftServer/]: ThreadedAnvilChunkStorage (world): All chunks are saved
[1310月2025 00:30:43.987] [Server thread/INFO] [net.minecraft.server.MinecraftServer/]: ThreadedAnvilChunkStorage (DIM-1): All chunks are saved
[1310月2025 00:30:43.987] [Server thread/INFO] [net.minecraft.server.MinecraftServer/]: ThreadedAnvilChunkStorage (DIM1): All chunks are saved
[1310月2025 00:30:43.987] [Server thread/INFO] [net.minecraft.server.MinecraftServer/]: ThreadedAnvilChunkStorage: All dimensions are saved
[1310月2025 00:30:44.090] [Server thread/INFO] [journeymap/]: Loading JourneyMap Forge Configs
